<?xml version="1.0" encoding="UTF-8"?>
<!-- Generated by org.testng.reporters.JUnitXMLReporter -->
<testsuite hostname="DESKTOP-I52FD5C" ignored="0" name="Test" tests="2" failures="1" timestamp="2022-07-15T12:37:17 IST" time="7.012" errors="0">
  <testcase name="demo1" time="6.932" classname="com.testng.HardAssertConcept">
    <failure type="java.lang.AssertionError" message="expected [Facebook - log in or sign up] but found [Facebook – log in or sign up]">
      <![CDATA[java.lang.AssertionError: expected [Facebook - log in or sign up] but found [Facebook – log in or sign up]
at com.testng.HardAssertConcept.demo1(HardAssertConcept.java:18)
at java.util.ArrayList.forEach(Unknown Source)
... Removed 33 stack frames]]>
    </failure>
  </testcase> <!-- demo1 -->
  <testcase name="demo2" time="0.003" classname="com.testng.HardAssertConcept"/>
</testsuite> <!-- Test -->
